<?xml version="1.0" encoding="UTF-8"?>
<!-- Generated by org.testng.reporters.JUnitReportReporter -->
<testsuite hostname="DESKTOP-KL6QIL0" failures="0" tests="2" name="com.mycompany.app.my_selenium_app.NewTest" time="6.453" errors="0" timestamp="2022-08-09T21:10:22 IST" skipped="0">
  <testcase classname="com.mycompany.app.my_selenium_app.NewTest" name="f" time="0.006"/>
  <system-out/>
  <testcase classname="com.mycompany.app.my_selenium_app.NewTest" name="launchchrome" time="6.447"/>
  <system-out/>
</testsuite> <!-- com.mycompany.app.my_selenium_app.NewTest -->
