<?xml version="1.0" encoding="UTF-8"?>
<!-- Generated by org.testng.reporters.JUnitReportReporter -->
<testsuite hostname="DESKTOP-KL6QIL0" failures="0" tests="2" name="com.mycompany.app.my_selenium_app.NewTest" time="8.938" errors="0" timestamp="2022-08-09T19:09:15 IST" skipped="0">
  <testcase classname="com.mycompany.app.my_selenium_app.NewTest" name="launchchrome" time="8.913"/>
  <system-out/>
  <testcase classname="com.mycompany.app.my_selenium_app.NewTest" name="f" time="0.025"/>
  <system-out/>
</testsuite> <!-- com.mycompany.app.my_selenium_app.NewTest -->
