<?xml version="1.0" encoding="UTF-8"?>
<!-- Generated by org.testng.reporters.JUnitReportReporter -->
<testsuite hostname="DESKTOP-KL6QIL0" failures="0" tests="1" name="com.mycompany.app.my_selenium_app.AppTest" time="0.004" errors="0" timestamp="2022-08-09T21:10:22 IST" skipped="0">
  <testcase classname="com.mycompany.app.my_selenium_app.AppTest" name="shouldAnswerWithTrue" time="0.004"/>
  <system-out/>
</testsuite> <!-- com.mycompany.app.my_selenium_app.AppTest -->
